  main.cpp
D:\faculty\Security\Project Deliverables\Secure-Chat\Secure-Chat\BigInteger.h(37,18): warning C4267: 'return': conversion from 'size_t' to 'int', possible loss of data
D:\faculty\Security\Project Deliverables\Secure-Chat\Secure-Chat\BigInteger.h(42,1): warning C4267: 'initializing': conversion from 'size_t' to 'int', possible loss of data
D:\faculty\Security\Project Deliverables\Secure-Chat\Secure-Chat\BigInteger.h(57,1): warning C4267: 'initializing': conversion from 'size_t' to 'int', possible loss of data
D:\faculty\Security\Project Deliverables\Secure-Chat\Secure-Chat\BigInteger.h(131,1): warning C4267: 'initializing': conversion from 'size_t' to 'int', possible loss of data
D:\faculty\Security\Project Deliverables\Secure-Chat\Secure-Chat\BigInteger.h(151,1): warning C4267: 'initializing': conversion from 'size_t' to 'int', possible loss of data
D:\faculty\Security\Project Deliverables\Secure-Chat\Secure-Chat\BigInteger.h(166,1): warning C4267: 'initializing': conversion from 'size_t' to 'int', possible loss of data
D:\faculty\Security\Project Deliverables\Secure-Chat\Secure-Chat\Socket.h(299,103): warning C4267: 'initializing': conversion from 'size_t' to 'int', possible loss of data
D:\faculty\Security\Project Deliverables\Secure-Chat\Secure-Chat\main.cpp(41,63): warning C4267: 'argument': conversion from 'size_t' to 'int', possible loss of data
D:\faculty\Security\Project Deliverables\Secure-Chat\Secure-Chat\main.cpp(58,63): warning C4267: 'argument': conversion from 'size_t' to 'int', possible loss of data
D:\faculty\Security\Project Deliverables\Secure-Chat\Secure-Chat\main.cpp(76,55): warning C4267: 'argument': conversion from 'size_t' to 'int', possible loss of data
D:\faculty\Security\Project Deliverables\Secure-Chat\Secure-Chat\main.cpp(92,55): warning C4267: 'argument': conversion from 'size_t' to 'int', possible loss of data
D:\faculty\Security\Project Deliverables\Secure-Chat\Secure-Chat\main.cpp(125,56): warning C4267: 'argument': conversion from 'size_t' to 'int', possible loss of data
D:\faculty\Security\Project Deliverables\Secure-Chat\Secure-Chat\main.cpp(143,55): warning C4267: 'argument': conversion from 'size_t' to 'int', possible loss of data
D:\faculty\Security\Project Deliverables\Secure-Chat\Secure-Chat\main.cpp(160,55): warning C4267: 'argument': conversion from 'size_t' to 'int', possible loss of data
D:\faculty\Security\Project Deliverables\Secure-Chat\Secure-Chat\main.cpp(199,56): warning C4267: 'argument': conversion from 'size_t' to 'int', possible loss of data
D:\faculty\Security\Project Deliverables\Secure-Chat\Secure-Chat\main.cpp(352,105): warning C4267: 'initializing': conversion from 'size_t' to 'int', possible loss of data
D:\faculty\Security\Project Deliverables\Secure-Chat\Secure-Chat\main.cpp(358,100): warning C4267: 'argument': conversion from 'size_t' to 'int', possible loss of data
D:\faculty\Security\Project Deliverables\Secure-Chat\Secure-Chat\main.cpp(294,12): warning C4101: 'hThread': unreferenced local variable
D:\faculty\Security\Project Deliverables\Secure-Chat\Secure-Chat\main.cpp(295,11): warning C4101: 'dwThreadID': unreferenced local variable
  Generating code
  1 of 776 functions ( 0.1%) were compiled, the rest were copied from previous compilation.
    0 functions were new in current compilation
    2 functions had inline decision re-evaluated but remain unchanged
  Finished generating code
  client.vcxproj -> D:\faculty\Security\Project Deliverables\Secure-Chat\x64\Release\Secure-Chat.exe
